<?xml version="1.0" encoding="UTF-8"?>
<testsuite name="com.sermaluc.SermalucDemoApplicationTests" tests="3" skipped="0" failures="0" errors="0" timestamp="2024-03-25T21:25:20" hostname="cmisaico-Prestige-14Evo-A11M" time="0.813">
  <properties/>
  <testcase name="createUsuarioErrorTest()" classname="com.sermaluc.SermalucDemoApplicationTests" time="0.638"/>
  <testcase name="crearUserTest()" classname="com.sermaluc.SermalucDemoApplicationTests" time="0.16"/>
  <testcase name="existeEmailTest()" classname="com.sermaluc.SermalucDemoApplicationTests" time="0.014"/>
  <system-out><![CDATA[16:25:18.180 [Test worker] INFO org.springframework.test.context.support.AnnotationConfigContextLoaderUtils -- Could not detect default configuration classes for test class [com.sermaluc.SermalucDemoApplicationTests]: SermalucDemoApplicationTests does not declare any static, non-private, non-final, nested classes annotated with @Configuration.
16:25:18.247 [Test worker] INFO org.springframework.boot.test.context.SpringBootTestContextBootstrapper -- Found @SpringBootConfiguration com.sermaluc.SermalucDemoApplication for test class com.sermaluc.SermalucDemoApplicationTests

  .   ____          _            __ _ _
 /\\ / ___'_ __ _ _(_)_ __  __ _ \ \ \ \
( ( )\___ | '_ | '_| | '_ \/ _` | \ \ \ \
 \\/  ___)| |_)| | | | | || (_| |  ) ) ) )
  '  |____| .__|_| |_|_| |_\__, | / / / /
 =========|_|==============|___/=/_/_/_/
 :: Spring Boot ::                (v3.2.2)

2024-03-25T16:25:18.451-05:00  INFO 34653 --- [sermaluc-demo-service] [    Test worker] c.sermaluc.SermalucDemoApplicationTests  : Starting SermalucDemoApplicationTests using Java 17.0.9 with PID 34653 (started by cmisaico in /home/cmisaico/Documents/Proyectos/sermaluc/sermaluc-demo)
2024-03-25T16:25:18.452-05:00  INFO 34653 --- [sermaluc-demo-service] [    Test worker] c.sermaluc.SermalucDemoApplicationTests  : The following 1 profile is active: "dev"
2024-03-25T16:25:18.810-05:00  INFO 34653 --- [sermaluc-demo-service] [    Test worker] .s.d.r.c.RepositoryConfigurationDelegate : Bootstrapping Spring Data JPA repositories in DEFAULT mode.
2024-03-25T16:25:18.892-05:00  INFO 34653 --- [sermaluc-demo-service] [    Test worker] .s.d.r.c.RepositoryConfigurationDelegate : Finished Spring Data repository scanning in 77 ms. Found 1 JPA repository interface.
2024-03-25T16:25:19.166-05:00  INFO 34653 --- [sermaluc-demo-service] [    Test worker] com.zaxxer.hikari.HikariDataSource       : HikariPool-1 - Starting...
2024-03-25T16:25:19.262-05:00  INFO 34653 --- [sermaluc-demo-service] [    Test worker] com.zaxxer.hikari.pool.HikariPool        : HikariPool-1 - Added connection conn0: url=jdbc:h2:mem:testdb user=SA
2024-03-25T16:25:19.263-05:00  INFO 34653 --- [sermaluc-demo-service] [    Test worker] com.zaxxer.hikari.HikariDataSource       : HikariPool-1 - Start completed.
2024-03-25T16:25:19.324-05:00  INFO 34653 --- [sermaluc-demo-service] [    Test worker] o.hibernate.jpa.internal.util.LogHelper  : HHH000204: Processing PersistenceUnitInfo [name: default]
2024-03-25T16:25:19.351-05:00  INFO 34653 --- [sermaluc-demo-service] [    Test worker] org.hibernate.Version                    : HHH000412: Hibernate ORM core version 6.4.1.Final
2024-03-25T16:25:19.369-05:00  INFO 34653 --- [sermaluc-demo-service] [    Test worker] o.h.c.internal.RegionFactoryInitiator    : HHH000026: Second-level cache disabled
2024-03-25T16:25:19.494-05:00  INFO 34653 --- [sermaluc-demo-service] [    Test worker] o.s.o.j.p.SpringPersistenceUnitInfo      : No LoadTimeWeaver setup: ignoring JPA class transformer
2024-03-25T16:25:19.517-05:00  WARN 34653 --- [sermaluc-demo-service] [    Test worker] org.hibernate.orm.deprecation            : HHH90000025: H2Dialect does not need to be specified explicitly using 'hibernate.dialect' (remove the property setting and it will be selected by default)
2024-03-25T16:25:19.941-05:00  INFO 34653 --- [sermaluc-demo-service] [    Test worker] o.h.m.i.EntityInstantiatorPojoStandard   : HHH000182: No default (no-argument) constructor for class: com.sermaluc.models.entities.Phone (class must be instantiated by Interceptor)
2024-03-25T16:25:19.966-05:00  INFO 34653 --- [sermaluc-demo-service] [    Test worker] o.h.m.i.EntityInstantiatorPojoStandard   : HHH000182: No default (no-argument) constructor for class: com.sermaluc.models.entities.TokenInfo (class must be instantiated by Interceptor)
2024-03-25T16:25:20.087-05:00  INFO 34653 --- [sermaluc-demo-service] [    Test worker] o.h.e.t.j.p.i.JtaPlatformInitiator       : HHH000489: No JTA platform available (set 'hibernate.transaction.jta.platform' to enable JTA platform integration)
2024-03-25T16:25:20.110-05:00  INFO 34653 --- [sermaluc-demo-service] [    Test worker] j.LocalContainerEntityManagerFactoryBean : Initialized JPA EntityManagerFactory for persistence unit 'default'
2024-03-25T16:25:20.666-05:00  INFO 34653 --- [sermaluc-demo-service] [    Test worker] o.s.b.web.embedded.netty.NettyWebServer  : Netty started on port 38681
2024-03-25T16:25:20.679-05:00  INFO 34653 --- [sermaluc-demo-service] [    Test worker] c.sermaluc.SermalucDemoApplicationTests  : Started SermalucDemoApplicationTests in 2.357 seconds (process running for 3.048)
]]></system-out>
  <system-err><![CDATA[]]></system-err>
</testsuite>
