<?xml version="1.0" encoding="UTF-8"?>
<testsuite name="com.sermaluc.SermalucDemoApplicationTests" tests="3" skipped="0" failures="0" errors="0" timestamp="2024-01-25T01:19:19" hostname="cmisaico-Prestige-14Evo-A11M" time="1.284">
  <properties/>
  <testcase name="createUsuarioErrorTest()" classname="com.sermaluc.SermalucDemoApplicationTests" time="1.011"/>
  <testcase name="crearUserTest()" classname="com.sermaluc.SermalucDemoApplicationTests" time="0.254"/>
  <testcase name="existeEmailTest()" classname="com.sermaluc.SermalucDemoApplicationTests" time="0.017"/>
  <system-out><![CDATA[20:19:13.743 [Test worker] INFO org.springframework.test.context.support.AnnotationConfigContextLoaderUtils -- Could not detect default configuration classes for test class [com.sermaluc.SermalucDemoApplicationTests]: SermalucDemoApplicationTests does not declare any static, non-private, non-final, nested classes annotated with @Configuration.
20:19:13.908 [Test worker] INFO org.springframework.boot.test.context.SpringBootTestContextBootstrapper -- Found @SpringBootConfiguration com.sermaluc.SermalucDemoApplication for test class com.sermaluc.SermalucDemoApplicationTests

  .   ____          _            __ _ _
 /\\ / ___'_ __ _ _(_)_ __  __ _ \ \ \ \
( ( )\___ | '_ | '_| | '_ \/ _` | \ \ \ \
 \\/  ___)| |_)| | | | | || (_| |  ) ) ) )
  '  |____| .__|_| |_|_| |_\__, | / / / /
 =========|_|==============|___/=/_/_/_/
 :: Spring Boot ::                (v3.2.2)

2024-01-24T20:19:14.391-05:00  INFO 114424 --- [sermaluc-demo-service] [    Test worker] c.sermaluc.SermalucDemoApplicationTests  : Starting SermalucDemoApplicationTests using Java 17.0.9 with PID 114424 (started by cmisaico in /home/cmisaico/Documents/Proyectos/sermaluc/sermaluc-demo)
2024-01-24T20:19:14.393-05:00  INFO 114424 --- [sermaluc-demo-service] [    Test worker] c.sermaluc.SermalucDemoApplicationTests  : No active profile set, falling back to 1 default profile: "default"
2024-01-24T20:19:15.249-05:00  INFO 114424 --- [sermaluc-demo-service] [    Test worker] .s.d.r.c.RepositoryConfigurationDelegate : Bootstrapping Spring Data JPA repositories in DEFAULT mode.
2024-01-24T20:19:15.379-05:00  INFO 114424 --- [sermaluc-demo-service] [    Test worker] .s.d.r.c.RepositoryConfigurationDelegate : Finished Spring Data repository scanning in 123 ms. Found 1 JPA repository interface.
2024-01-24T20:19:15.923-05:00  INFO 114424 --- [sermaluc-demo-service] [    Test worker] o.s.b.w.embedded.tomcat.TomcatWebServer  : Tomcat initialized with port 0 (http)
2024-01-24T20:19:15.938-05:00  INFO 114424 --- [sermaluc-demo-service] [    Test worker] o.apache.catalina.core.StandardService   : Starting service [Tomcat]
2024-01-24T20:19:15.938-05:00  INFO 114424 --- [sermaluc-demo-service] [    Test worker] o.apache.catalina.core.StandardEngine    : Starting Servlet engine: [Apache Tomcat/10.1.18]
2024-01-24T20:19:16.000-05:00  INFO 114424 --- [sermaluc-demo-service] [    Test worker] o.a.c.c.C.[Tomcat].[localhost].[/]       : Initializing Spring embedded WebApplicationContext
2024-01-24T20:19:16.002-05:00  INFO 114424 --- [sermaluc-demo-service] [    Test worker] w.s.c.ServletWebServerApplicationContext : Root WebApplicationContext: initialization completed in 1581 ms
2024-01-24T20:19:16.032-05:00  INFO 114424 --- [sermaluc-demo-service] [    Test worker] com.zaxxer.hikari.HikariDataSource       : HikariPool-1 - Starting...
2024-01-24T20:19:16.334-05:00  INFO 114424 --- [sermaluc-demo-service] [    Test worker] com.zaxxer.hikari.pool.HikariPool        : HikariPool-1 - Added connection conn0: url=jdbc:h2:mem:testdb user=SA
2024-01-24T20:19:16.335-05:00  INFO 114424 --- [sermaluc-demo-service] [    Test worker] com.zaxxer.hikari.HikariDataSource       : HikariPool-1 - Start completed.
2024-01-24T20:19:16.350-05:00  INFO 114424 --- [sermaluc-demo-service] [    Test worker] o.s.b.a.h2.H2ConsoleAutoConfiguration    : H2 console available at '/h2-console'. Database available at 'jdbc:h2:mem:testdb'
2024-01-24T20:19:16.528-05:00  INFO 114424 --- [sermaluc-demo-service] [    Test worker] o.hibernate.jpa.internal.util.LogHelper  : HHH000204: Processing PersistenceUnitInfo [name: default]
2024-01-24T20:19:16.595-05:00  INFO 114424 --- [sermaluc-demo-service] [    Test worker] org.hibernate.Version                    : HHH000412: Hibernate ORM core version 6.4.1.Final
2024-01-24T20:19:16.633-05:00  INFO 114424 --- [sermaluc-demo-service] [    Test worker] o.h.c.internal.RegionFactoryInitiator    : HHH000026: Second-level cache disabled
2024-01-24T20:19:16.852-05:00  INFO 114424 --- [sermaluc-demo-service] [    Test worker] o.s.o.j.p.SpringPersistenceUnitInfo      : No LoadTimeWeaver setup: ignoring JPA class transformer
2024-01-24T20:19:16.898-05:00  WARN 114424 --- [sermaluc-demo-service] [    Test worker] org.hibernate.orm.deprecation            : HHH90000025: H2Dialect does not need to be specified explicitly using 'hibernate.dialect' (remove the property setting and it will be selected by default)
2024-01-24T20:19:17.727-05:00  INFO 114424 --- [sermaluc-demo-service] [    Test worker] o.h.m.i.EntityInstantiatorPojoStandard   : HHH000182: No default (no-argument) constructor for class: com.sermaluc.entities.Phone (class must be instantiated by Interceptor)
2024-01-24T20:19:17.791-05:00  INFO 114424 --- [sermaluc-demo-service] [    Test worker] o.h.m.i.EntityInstantiatorPojoStandard   : HHH000182: No default (no-argument) constructor for class: com.sermaluc.entities.User (class must be instantiated by Interceptor)
2024-01-24T20:19:17.800-05:00  INFO 114424 --- [sermaluc-demo-service] [    Test worker] o.h.m.i.EntityInstantiatorPojoStandard   : HHH000182: No default (no-argument) constructor for class: com.sermaluc.entities.TokenInfo (class must be instantiated by Interceptor)
2024-01-24T20:19:17.979-05:00  INFO 114424 --- [sermaluc-demo-service] [    Test worker] o.h.e.t.j.p.i.JtaPlatformInitiator       : HHH000489: No JTA platform available (set 'hibernate.transaction.jta.platform' to enable JTA platform integration)
2024-01-24T20:19:18.017-05:00  INFO 114424 --- [sermaluc-demo-service] [    Test worker] j.LocalContainerEntityManagerFactoryBean : Initialized JPA EntityManagerFactory for persistence unit 'default'
2024-01-24T20:19:18.424-05:00  WARN 114424 --- [sermaluc-demo-service] [    Test worker] JpaBaseConfiguration$JpaWebConfiguration : spring.jpa.open-in-view is enabled by default. Therefore, database queries may be performed during view rendering. Explicitly configure spring.jpa.open-in-view to disable this warning
2024-01-24T20:19:18.901-05:00  INFO 114424 --- [sermaluc-demo-service] [    Test worker] o.s.b.w.embedded.tomcat.TomcatWebServer  : Tomcat started on port 44649 (http) with context path ''
2024-01-24T20:19:18.908-05:00  INFO 114424 --- [sermaluc-demo-service] [    Test worker] c.sermaluc.SermalucDemoApplicationTests  : Started SermalucDemoApplicationTests in 4.812 seconds (process running for 6.269)
2024-01-24T20:19:19.884-05:00  INFO 114424 --- [sermaluc-demo-service] [o-auto-1-exec-1] o.a.c.c.C.[Tomcat].[localhost].[/]       : Initializing Spring DispatcherServlet 'dispatcherServlet'
2024-01-24T20:19:19.884-05:00  INFO 114424 --- [sermaluc-demo-service] [o-auto-1-exec-1] o.s.web.servlet.DispatcherServlet        : Initializing Servlet 'dispatcherServlet'
2024-01-24T20:19:19.885-05:00  INFO 114424 --- [sermaluc-demo-service] [o-auto-1-exec-1] o.s.web.servlet.DispatcherServlet        : Completed initialization in 1 ms
]]></system-out>
  <system-err><![CDATA[[2024.01.24 20:19:14] (Coverage): Error during class instrumentation: org.springframework.boot.logging.log4j2.Log4J2LoggingSystem: java.lang.RuntimeException: java.io.IOException: Class org/apache/logging/log4j/core/config/composite/CompositeConfiguration not found
[2024.01.24 20:19:18] (Coverage): Error during class instrumentation: org.springframework.http.client.HttpComponentsClientHttpRequestFactory: java.lang.RuntimeException: java.io.IOException: Class org/apache/hc/client5/http/protocol/HttpClientContext not found
[2024.01.24 20:19:20] (Coverage): Error during class instrumentation: org.h2.value.ValueToObjectConverter: java.lang.RuntimeException: java.io.IOException: Class org/locationtech/jts/geom/Geometry not found
]]></system-err>
</testsuite>
